<?xml version="1.0" encoding="UTF-8"?>
<!-- Generated by org.testng.reporters.JUnitReportReporter -->
<testsuite hostname="Rahul" failures="0" tests="4" name="com.apllicationTest.Applicatin_test" time="48.839" errors="0" timestamp="2022-06-13T00:53:34 IST" skipped="0">
  <testcase classname="com.apllicationTest.Applicatin_test" name="multiplicationTest" time="8.569"/>
  <system-out/>
  <testcase classname="com.apllicationTest.Applicatin_test" name="divisionTest" time="17.809"/>
  <system-out/>
  <testcase classname="com.apllicationTest.Applicatin_test" name="AddtionTest" time="13.412"/>
  <system-out/>
  <testcase classname="com.apllicationTest.Applicatin_test" name="substractionTest" time="9.049"/>
  <system-out/>
</testsuite> <!-- com.apllicationTest.Applicatin_test -->
