<?xml version="1.0" encoding="UTF-8"?>
<!-- Generated by org.testng.reporters.JUnitReportReporter -->
<testsuite hostname="Rahul" failures="0" tests="4" name="com.apllicationTest.Applicatin_test" time="35.609" errors="0" timestamp="2022-06-09T14:26:40 IST" skipped="0">
  <testcase classname="com.apllicationTest.Applicatin_test" name="divisionTest" time="6.305"/>
  <system-out/>
  <testcase classname="com.apllicationTest.Applicatin_test" name="substractionTest" time="7.968"/>
  <system-out/>
  <testcase classname="com.apllicationTest.Applicatin_test" name="AddtionTest" time="14.507"/>
  <system-out/>
  <testcase classname="com.apllicationTest.Applicatin_test" name="multiplicationTest" time="6.829"/>
  <system-out/>
</testsuite> <!-- com.apllicationTest.Applicatin_test -->
